[2022-08-15 04:09:10] local.ERROR: There are no commands defined in the "vendor" namespace. {"exception":"[object] (Symfony\\Component\\Console\\Exception\\NamespaceNotFoundException(code: 0): There are no commands defined in the \"vendor\" namespace. at D:\\projetos\\DOMMUS\\Teste-FullStack-Pleno\\backend\\vendor\\symfony\\console\\Application.php:648)
[stacktrace]
#0 D:\\projetos\\DOMMUS\\Teste-FullStack-Pleno\\backend\\vendor\\symfony\\console\\Application.php(699): Symfony\\Component\\Console\\Application->findNamespace('vendor')
#1 D:\\projetos\\DOMMUS\\Teste-FullStack-Pleno\\backend\\vendor\\symfony\\console\\Application.php(259): Symfony\\Component\\Console\\Application->find('vendor:publish')
#2 D:\\projetos\\DOMMUS\\Teste-FullStack-Pleno\\backend\\vendor\\symfony\\console\\Application.php(171): Symfony\\Component\\Console\\Application->doRun(Object(Symfony\\Component\\Console\\Input\\ArgvInput), Object(Symfony\\Component\\Console\\Output\\ConsoleOutput))
#3 D:\\projetos\\DOMMUS\\Teste-FullStack-Pleno\\backend\\vendor\\illuminate\\console\\Application.php(94): Symfony\\Component\\Console\\Application->run(Object(Symfony\\Component\\Console\\Input\\ArgvInput), Object(Symfony\\Component\\Console\\Output\\ConsoleOutput))
#4 D:\\projetos\\DOMMUS\\Teste-FullStack-Pleno\\backend\\vendor\\laravel\\lumen-framework\\src\\Console\\Kernel.php(116): Illuminate\\Console\\Application->run(Object(Symfony\\Component\\Console\\Input\\ArgvInput), Object(Symfony\\Component\\Console\\Output\\ConsoleOutput))
#5 D:\\projetos\\DOMMUS\\Teste-FullStack-Pleno\\backend\\artisan(35): Laravel\\Lumen\\Console\\Kernel->handle(Object(Symfony\\Component\\Console\\Input\\ArgvInput), Object(Symfony\\Component\\Console\\Output\\ConsoleOutput))
#6 {main}
"} 
[2022-08-15 04:17:38] local.ERROR: Undefined variable: app {"exception":"[object] (ErrorException(code: 0): Undefined variable: app at D:\\projetos\\DOMMUS\\Teste-FullStack-Pleno\\backend\\config\\cors.php:3)
[stacktrace]
#0 D:\\projetos\\DOMMUS\\Teste-FullStack-Pleno\\backend\\vendor\\laravel\\lumen-framework\\src\\Concerns\\RegistersExceptionHandlers.php(47): Laravel\\Lumen\\Application->handleError(8, 'Undefined varia...', 'D:\\\\projetos\\\\DOM...', 3)
#1 D:\\projetos\\DOMMUS\\Teste-FullStack-Pleno\\backend\\config\\cors.php(3): Laravel\\Lumen\\Application->Laravel\\Lumen\\Concerns\\{closure}(8, 'Undefined varia...', 'D:\\\\projetos\\\\DOM...', 3, Array)
#2 D:\\projetos\\DOMMUS\\Teste-FullStack-Pleno\\backend\\vendor\\laravel\\lumen-framework\\src\\Application.php(688): require('D:\\\\projetos\\\\DOM...')
#3 D:\\projetos\\DOMMUS\\Teste-FullStack-Pleno\\backend\\vendor\\barryvdh\\laravel-cors\\src\\CorsServiceProvider.php(36): Laravel\\Lumen\\Application->configure('cors')
#4 D:\\projetos\\DOMMUS\\Teste-FullStack-Pleno\\backend\\vendor\\illuminate\\container\\BoundMethod.php(36): Fruitcake\\Cors\\CorsServiceProvider->boot()
#5 D:\\projetos\\DOMMUS\\Teste-FullStack-Pleno\\backend\\vendor\\illuminate\\container\\Util.php(40): Illuminate\\Container\\BoundMethod::Illuminate\\Container\\{closure}()
#6 D:\\projetos\\DOMMUS\\Teste-FullStack-Pleno\\backend\\vendor\\illuminate\\container\\BoundMethod.php(93): Illuminate\\Container\\Util::unwrapIfClosure(Object(Closure))
#7 D:\\projetos\\DOMMUS\\Teste-FullStack-Pleno\\backend\\vendor\\illuminate\\container\\BoundMethod.php(37): Illuminate\\Container\\BoundMethod::callBoundMethod(Object(Laravel\\Lumen\\Application), Array, Object(Closure))
#8 D:\\projetos\\DOMMUS\\Teste-FullStack-Pleno\\backend\\vendor\\illuminate\\container\\Container.php(653): Illuminate\\Container\\BoundMethod::call(Object(Laravel\\Lumen\\Application), Array, Array, NULL)
#9 D:\\projetos\\DOMMUS\\Teste-FullStack-Pleno\\backend\\vendor\\laravel\\lumen-framework\\src\\Application.php(277): Illuminate\\Container\\Container->call(Array)
#10 D:\\projetos\\DOMMUS\\Teste-FullStack-Pleno\\backend\\vendor\\laravel\\lumen-framework\\src\\Application.php(262): Laravel\\Lumen\\Application->bootProvider(Object(Fruitcake\\Cors\\CorsServiceProvider))
#11 D:\\projetos\\DOMMUS\\Teste-FullStack-Pleno\\backend\\vendor\\laravel\\lumen-framework\\src\\Console\\Kernel.php(114): Laravel\\Lumen\\Application->boot()
#12 D:\\projetos\\DOMMUS\\Teste-FullStack-Pleno\\backend\\artisan(35): Laravel\\Lumen\\Console\\Kernel->handle(Object(Symfony\\Component\\Console\\Input\\ArgvInput), Object(Symfony\\Component\\Console\\Output\\ConsoleOutput))
#13 {main}
"} 
[2022-08-15 04:19:50] local.ERROR: There are no commands defined in the "config" namespace. {"exception":"[object] (Symfony\\Component\\Console\\Exception\\NamespaceNotFoundException(code: 0): There are no commands defined in the \"config\" namespace. at D:\\projetos\\DOMMUS\\Teste-FullStack-Pleno\\backend\\vendor\\symfony\\console\\Application.php:648)
[stacktrace]
#0 D:\\projetos\\DOMMUS\\Teste-FullStack-Pleno\\backend\\vendor\\symfony\\console\\Application.php(699): Symfony\\Component\\Console\\Application->findNamespace('config')
#1 D:\\projetos\\DOMMUS\\Teste-FullStack-Pleno\\backend\\vendor\\symfony\\console\\Application.php(259): Symfony\\Component\\Console\\Application->find('config:clear')
#2 D:\\projetos\\DOMMUS\\Teste-FullStack-Pleno\\backend\\vendor\\symfony\\console\\Application.php(171): Symfony\\Component\\Console\\Application->doRun(Object(Symfony\\Component\\Console\\Input\\ArgvInput), Object(Symfony\\Component\\Console\\Output\\ConsoleOutput))
#3 D:\\projetos\\DOMMUS\\Teste-FullStack-Pleno\\backend\\vendor\\illuminate\\console\\Application.php(94): Symfony\\Component\\Console\\Application->run(Object(Symfony\\Component\\Console\\Input\\ArgvInput), Object(Symfony\\Component\\Console\\Output\\ConsoleOutput))
#4 D:\\projetos\\DOMMUS\\Teste-FullStack-Pleno\\backend\\vendor\\laravel\\lumen-framework\\src\\Console\\Kernel.php(116): Illuminate\\Console\\Application->run(Object(Symfony\\Component\\Console\\Input\\ArgvInput), Object(Symfony\\Component\\Console\\Output\\ConsoleOutput))
#5 D:\\projetos\\DOMMUS\\Teste-FullStack-Pleno\\backend\\artisan(35): Laravel\\Lumen\\Console\\Kernel->handle(Object(Symfony\\Component\\Console\\Input\\ArgvInput), Object(Symfony\\Component\\Console\\Output\\ConsoleOutput))
#6 {main}
"} 
[2022-08-15 04:20:14] local.ERROR: There are no commands defined in the "config" namespace. {"exception":"[object] (Symfony\\Component\\Console\\Exception\\NamespaceNotFoundException(code: 0): There are no commands defined in the \"config\" namespace. at D:\\projetos\\DOMMUS\\Teste-FullStack-Pleno\\backend\\vendor\\symfony\\console\\Application.php:648)
[stacktrace]
#0 D:\\projetos\\DOMMUS\\Teste-FullStack-Pleno\\backend\\vendor\\symfony\\console\\Application.php(699): Symfony\\Component\\Console\\Application->findNamespace('config')
#1 D:\\projetos\\DOMMUS\\Teste-FullStack-Pleno\\backend\\vendor\\symfony\\console\\Application.php(259): Symfony\\Component\\Console\\Application->find('config:cache')
#2 D:\\projetos\\DOMMUS\\Teste-FullStack-Pleno\\backend\\vendor\\symfony\\console\\Application.php(171): Symfony\\Component\\Console\\Application->doRun(Object(Symfony\\Component\\Console\\Input\\ArgvInput), Object(Symfony\\Component\\Console\\Output\\ConsoleOutput))
#3 D:\\projetos\\DOMMUS\\Teste-FullStack-Pleno\\backend\\vendor\\illuminate\\console\\Application.php(94): Symfony\\Component\\Console\\Application->run(Object(Symfony\\Component\\Console\\Input\\ArgvInput), Object(Symfony\\Component\\Console\\Output\\ConsoleOutput))
#4 D:\\projetos\\DOMMUS\\Teste-FullStack-Pleno\\backend\\vendor\\laravel\\lumen-framework\\src\\Console\\Kernel.php(116): Illuminate\\Console\\Application->run(Object(Symfony\\Component\\Console\\Input\\ArgvInput), Object(Symfony\\Component\\Console\\Output\\ConsoleOutput))
#5 D:\\projetos\\DOMMUS\\Teste-FullStack-Pleno\\backend\\artisan(35): Laravel\\Lumen\\Console\\Kernel->handle(Object(Symfony\\Component\\Console\\Input\\ArgvInput), Object(Symfony\\Component\\Console\\Output\\ConsoleOutput))
#6 {main}
"} 
[2022-08-15 04:20:25] local.ERROR: There are no commands defined in the "optimize" namespace. {"exception":"[object] (Symfony\\Component\\Console\\Exception\\NamespaceNotFoundException(code: 0): There are no commands defined in the \"optimize\" namespace. at D:\\projetos\\DOMMUS\\Teste-FullStack-Pleno\\backend\\vendor\\symfony\\console\\Application.php:648)
[stacktrace]
#0 D:\\projetos\\DOMMUS\\Teste-FullStack-Pleno\\backend\\vendor\\symfony\\console\\Application.php(699): Symfony\\Component\\Console\\Application->findNamespace('optimize')
#1 D:\\projetos\\DOMMUS\\Teste-FullStack-Pleno\\backend\\vendor\\symfony\\console\\Application.php(259): Symfony\\Component\\Console\\Application->find('optimize:clear')
#2 D:\\projetos\\DOMMUS\\Teste-FullStack-Pleno\\backend\\vendor\\symfony\\console\\Application.php(171): Symfony\\Component\\Console\\Application->doRun(Object(Symfony\\Component\\Console\\Input\\ArgvInput), Object(Symfony\\Component\\Console\\Output\\ConsoleOutput))
#3 D:\\projetos\\DOMMUS\\Teste-FullStack-Pleno\\backend\\vendor\\illuminate\\console\\Application.php(94): Symfony\\Component\\Console\\Application->run(Object(Symfony\\Component\\Console\\Input\\ArgvInput), Object(Symfony\\Component\\Console\\Output\\ConsoleOutput))
#4 D:\\projetos\\DOMMUS\\Teste-FullStack-Pleno\\backend\\vendor\\laravel\\lumen-framework\\src\\Console\\Kernel.php(116): Illuminate\\Console\\Application->run(Object(Symfony\\Component\\Console\\Input\\ArgvInput), Object(Symfony\\Component\\Console\\Output\\ConsoleOutput))
#5 D:\\projetos\\DOMMUS\\Teste-FullStack-Pleno\\backend\\artisan(35): Laravel\\Lumen\\Console\\Kernel->handle(Object(Symfony\\Component\\Console\\Input\\ArgvInput), Object(Symfony\\Component\\Console\\Output\\ConsoleOutput))
#6 {main}
"} 
[2022-08-15 15:55:02] local.ERROR: SQLSTATE[HY000] [2002] Nenhuma conexão pôde ser feita porque a máquina de destino as recusou ativamente.
 (SQL: select * from `users` where `email` = hodkiewicz.rollin@example.com limit 1) {"exception":"[object] (Illuminate\\Database\\QueryException(code: 2002): SQLSTATE[HY000] [2002] Nenhuma conexão pôde ser feita porque a máquina de destino as recusou ativamente.

 (SQL: select * from `users` where `email` = hodkiewicz.rollin@example.com limit 1) at D:\\projetos\\DOMMUS\\Teste-FullStack-Pleno\\backend\\vendor\\illuminate\\database\\Connection.php:712)
[stacktrace]
#0 D:\\projetos\\DOMMUS\\Teste-FullStack-Pleno\\backend\\vendor\\illuminate\\database\\Connection.php(672): Illuminate\\Database\\Connection->runQueryCallback('select * from `...', Array, Object(Closure))
#1 D:\\projetos\\DOMMUS\\Teste-FullStack-Pleno\\backend\\vendor\\illuminate\\database\\Connection.php(376): Illuminate\\Database\\Connection->run('select * from `...', Array, Object(Closure))
#2 D:\\projetos\\DOMMUS\\Teste-FullStack-Pleno\\backend\\vendor\\illuminate\\database\\Query\\Builder.php(2414): Illuminate\\Database\\Connection->select('select * from `...', Array, true)
#3 D:\\projetos\\DOMMUS\\Teste-FullStack-Pleno\\backend\\vendor\\illuminate\\database\\Query\\Builder.php(2402): Illuminate\\Database\\Query\\Builder->runSelect()
#4 D:\\projetos\\DOMMUS\\Teste-FullStack-Pleno\\backend\\vendor\\illuminate\\database\\Query\\Builder.php(2936): Illuminate\\Database\\Query\\Builder->Illuminate\\Database\\Query\\{closure}()
#5 D:\\projetos\\DOMMUS\\Teste-FullStack-Pleno\\backend\\vendor\\illuminate\\database\\Query\\Builder.php(2403): Illuminate\\Database\\Query\\Builder->onceWithColumns(Array, Object(Closure))
#6 D:\\projetos\\DOMMUS\\Teste-FullStack-Pleno\\backend\\vendor\\illuminate\\database\\Eloquent\\Builder.php(625): Illuminate\\Database\\Query\\Builder->get(Array)
#7 D:\\projetos\\DOMMUS\\Teste-FullStack-Pleno\\backend\\vendor\\illuminate\\database\\Eloquent\\Builder.php(609): Illuminate\\Database\\Eloquent\\Builder->getModels(Array)
#8 D:\\projetos\\DOMMUS\\Teste-FullStack-Pleno\\backend\\vendor\\illuminate\\database\\Concerns\\BuildsQueries.php(294): Illuminate\\Database\\Eloquent\\Builder->get(Array)
#9 D:\\projetos\\DOMMUS\\Teste-FullStack-Pleno\\backend\\vendor\\illuminate\\auth\\EloquentUserProvider.php(134): Illuminate\\Database\\Eloquent\\Builder->first()
#10 D:\\projetos\\DOMMUS\\Teste-FullStack-Pleno\\backend\\vendor\\tymon\\jwt-auth\\src\\JWTGuard.php(124): Illuminate\\Auth\\EloquentUserProvider->retrieveByCredentials(Array)
#11 D:\\projetos\\DOMMUS\\Teste-FullStack-Pleno\\backend\\vendor\\illuminate\\auth\\AuthManager.php(336): Tymon\\JWTAuth\\JWTGuard->attempt(Array)
#12 D:\\projetos\\DOMMUS\\Teste-FullStack-Pleno\\backend\\app\\Http\\Controllers\\AuthController.php(32): Illuminate\\Auth\\AuthManager->__call('attempt', Array)
#13 D:\\projetos\\DOMMUS\\Teste-FullStack-Pleno\\backend\\vendor\\illuminate\\container\\BoundMethod.php(36): App\\Http\\Controllers\\AuthController->login(Object(Laravel\\Lumen\\Http\\Request))
#14 D:\\projetos\\DOMMUS\\Teste-FullStack-Pleno\\backend\\vendor\\illuminate\\container\\Util.php(40): Illuminate\\Container\\BoundMethod::Illuminate\\Container\\{closure}()
#15 D:\\projetos\\DOMMUS\\Teste-FullStack-Pleno\\backend\\vendor\\illuminate\\container\\BoundMethod.php(93): Illuminate\\Container\\Util::unwrapIfClosure(Object(Closure))
#16 D:\\projetos\\DOMMUS\\Teste-FullStack-Pleno\\backend\\vendor\\illuminate\\container\\BoundMethod.php(37): Illuminate\\Container\\BoundMethod::callBoundMethod(Object(Laravel\\Lumen\\Application), Array, Object(Closure))
#17 D:\\projetos\\DOMMUS\\Teste-FullStack-Pleno\\backend\\vendor\\illuminate\\container\\Container.php(653): Illuminate\\Container\\BoundMethod::call(Object(Laravel\\Lumen\\Application), Array, Array, NULL)
#18 D:\\projetos\\DOMMUS\\Teste-FullStack-Pleno\\backend\\vendor\\laravel\\lumen-framework\\src\\Concerns\\RoutesRequests.php(389): Illuminate\\Container\\Container->call(Array, Array)
#19 D:\\projetos\\DOMMUS\\Teste-FullStack-Pleno\\backend\\vendor\\laravel\\lumen-framework\\src\\Concerns\\RoutesRequests.php(355): Laravel\\Lumen\\Application->callControllerCallable(Array, Array)
#20 D:\\projetos\\DOMMUS\\Teste-FullStack-Pleno\\backend\\vendor\\laravel\\lumen-framework\\src\\Concerns\\RoutesRequests.php(329): Laravel\\Lumen\\Application->callLumenController(Object(App\\Http\\Controllers\\AuthController), 'login', Array)
#21 D:\\projetos\\DOMMUS\\Teste-FullStack-Pleno\\backend\\vendor\\laravel\\lumen-framework\\src\\Concerns\\RoutesRequests.php(282): Laravel\\Lumen\\Application->callControllerAction(Array)
#22 D:\\projetos\\DOMMUS\\Teste-FullStack-Pleno\\backend\\vendor\\laravel\\lumen-framework\\src\\Concerns\\RoutesRequests.php(267): Laravel\\Lumen\\Application->callActionOnArrayBasedRoute(Array)
#23 D:\\projetos\\DOMMUS\\Teste-FullStack-Pleno\\backend\\vendor\\laravel\\lumen-framework\\src\\Concerns\\RoutesRequests.php(169): Laravel\\Lumen\\Application->handleFoundRoute(Array)
#24 D:\\projetos\\DOMMUS\\Teste-FullStack-Pleno\\backend\\vendor\\laravel\\lumen-framework\\src\\Routing\\Pipeline.php(48): Laravel\\Lumen\\Application->Laravel\\Lumen\\Concerns\\{closure}(Object(Laravel\\Lumen\\Http\\Request))
#25 D:\\projetos\\DOMMUS\\Teste-FullStack-Pleno\\backend\\vendor\\barryvdh\\laravel-cors\\src\\HandleCors.php(52): Laravel\\Lumen\\Routing\\Pipeline->Laravel\\Lumen\\Routing\\{closure}(Object(Laravel\\Lumen\\Http\\Request))
#26 D:\\projetos\\DOMMUS\\Teste-FullStack-Pleno\\backend\\vendor\\illuminate\\pipeline\\Pipeline.php(167): Fruitcake\\Cors\\HandleCors->handle(Object(Laravel\\Lumen\\Http\\Request), Object(Closure))
#27 D:\\projetos\\DOMMUS\\Teste-FullStack-Pleno\\backend\\vendor\\laravel\\lumen-framework\\src\\Routing\\Pipeline.php(30): Illuminate\\Pipeline\\Pipeline->Illuminate\\Pipeline\\{closure}(Object(Laravel\\Lumen\\Http\\Request))
#28 D:\\projetos\\DOMMUS\\Teste-FullStack-Pleno\\backend\\vendor\\illuminate\\pipeline\\Pipeline.php(103): Laravel\\Lumen\\Routing\\Pipeline->Laravel\\Lumen\\Routing\\{closure}(Object(Laravel\\Lumen\\Http\\Request))
#29 D:\\projetos\\DOMMUS\\Teste-FullStack-Pleno\\backend\\vendor\\laravel\\lumen-framework\\src\\Concerns\\RoutesRequests.php(426): Illuminate\\Pipeline\\Pipeline->then(Object(Closure))
#30 D:\\projetos\\DOMMUS\\Teste-FullStack-Pleno\\backend\\vendor\\laravel\\lumen-framework\\src\\Concerns\\RoutesRequests.php(175): Laravel\\Lumen\\Application->sendThroughPipeline(Array, Object(Closure))
#31 D:\\projetos\\DOMMUS\\Teste-FullStack-Pleno\\backend\\vendor\\laravel\\lumen-framework\\src\\Concerns\\RoutesRequests.php(112): Laravel\\Lumen\\Application->dispatch(NULL)
#32 D:\\projetos\\DOMMUS\\Teste-FullStack-Pleno\\backend\\public\\index.php(28): Laravel\\Lumen\\Application->run()
#33 {main}

[previous exception] [object] (PDOException(code: 2002): SQLSTATE[HY000] [2002] Nenhuma conexão pôde ser feita porque a máquina de destino as recusou ativamente.

 at D:\\projetos\\DOMMUS\\Teste-FullStack-Pleno\\backend\\vendor\\illuminate\\database\\Connectors\\Connector.php:70)
[stacktrace]
#0 D:\\projetos\\DOMMUS\\Teste-FullStack-Pleno\\backend\\vendor\\illuminate\\database\\Connectors\\Connector.php(70): PDO->__construct('mysql:host=loca...', 'root', '', Array)
#1 D:\\projetos\\DOMMUS\\Teste-FullStack-Pleno\\backend\\vendor\\illuminate\\database\\Connectors\\Connector.php(46): Illuminate\\Database\\Connectors\\Connector->createPdoConnection('mysql:host=loca...', 'root', '', Array)
#2 D:\\projetos\\DOMMUS\\Teste-FullStack-Pleno\\backend\\vendor\\illuminate\\database\\Connectors\\MySqlConnector.php(24): Illuminate\\Database\\Connectors\\Connector->createConnection('mysql:host=loca...', Array, Array)
#3 D:\\projetos\\DOMMUS\\Teste-FullStack-Pleno\\backend\\vendor\\illuminate\\database\\Connectors\\ConnectionFactory.php(184): Illuminate\\Database\\Connectors\\MySqlConnector->connect(Array)
#4 [internal function]: Illuminate\\Database\\Connectors\\ConnectionFactory->Illuminate\\Database\\Connectors\\{closure}()
#5 D:\\projetos\\DOMMUS\\Teste-FullStack-Pleno\\backend\\vendor\\illuminate\\database\\Connection.php(1064): call_user_func(Object(Closure))
#6 D:\\projetos\\DOMMUS\\Teste-FullStack-Pleno\\backend\\vendor\\illuminate\\database\\Connection.php(1100): Illuminate\\Database\\Connection->getPdo()
#7 D:\\projetos\\DOMMUS\\Teste-FullStack-Pleno\\backend\\vendor\\illuminate\\database\\Connection.php(442): Illuminate\\Database\\Connection->getReadPdo()
#8 D:\\projetos\\DOMMUS\\Teste-FullStack-Pleno\\backend\\vendor\\illuminate\\database\\Connection.php(368): Illuminate\\Database\\Connection->getPdoForSelect(true)
#9 D:\\projetos\\DOMMUS\\Teste-FullStack-Pleno\\backend\\vendor\\illuminate\\database\\Connection.php(705): Illuminate\\Database\\Connection->Illuminate\\Database\\{closure}('select * from `...', Array)
#10 D:\\projetos\\DOMMUS\\Teste-FullStack-Pleno\\backend\\vendor\\illuminate\\database\\Connection.php(672): Illuminate\\Database\\Connection->runQueryCallback('select * from `...', Array, Object(Closure))
#11 D:\\projetos\\DOMMUS\\Teste-FullStack-Pleno\\backend\\vendor\\illuminate\\database\\Connection.php(376): Illuminate\\Database\\Connection->run('select * from `...', Array, Object(Closure))
#12 D:\\projetos\\DOMMUS\\Teste-FullStack-Pleno\\backend\\vendor\\illuminate\\database\\Query\\Builder.php(2414): Illuminate\\Database\\Connection->select('select * from `...', Array, true)
#13 D:\\projetos\\DOMMUS\\Teste-FullStack-Pleno\\backend\\vendor\\illuminate\\database\\Query\\Builder.php(2402): Illuminate\\Database\\Query\\Builder->runSelect()
#14 D:\\projetos\\DOMMUS\\Teste-FullStack-Pleno\\backend\\vendor\\illuminate\\database\\Query\\Builder.php(2936): Illuminate\\Database\\Query\\Builder->Illuminate\\Database\\Query\\{closure}()
#15 D:\\projetos\\DOMMUS\\Teste-FullStack-Pleno\\backend\\vendor\\illuminate\\database\\Query\\Builder.php(2403): Illuminate\\Database\\Query\\Builder->onceWithColumns(Array, Object(Closure))
#16 D:\\projetos\\DOMMUS\\Teste-FullStack-Pleno\\backend\\vendor\\illuminate\\database\\Eloquent\\Builder.php(625): Illuminate\\Database\\Query\\Builder->get(Array)
#17 D:\\projetos\\DOMMUS\\Teste-FullStack-Pleno\\backend\\vendor\\illuminate\\database\\Eloquent\\Builder.php(609): Illuminate\\Database\\Eloquent\\Builder->getModels(Array)
#18 D:\\projetos\\DOMMUS\\Teste-FullStack-Pleno\\backend\\vendor\\illuminate\\database\\Concerns\\BuildsQueries.php(294): Illuminate\\Database\\Eloquent\\Builder->get(Array)
#19 D:\\projetos\\DOMMUS\\Teste-FullStack-Pleno\\backend\\vendor\\illuminate\\auth\\EloquentUserProvider.php(134): Illuminate\\Database\\Eloquent\\Builder->first()
#20 D:\\projetos\\DOMMUS\\Teste-FullStack-Pleno\\backend\\vendor\\tymon\\jwt-auth\\src\\JWTGuard.php(124): Illuminate\\Auth\\EloquentUserProvider->retrieveByCredentials(Array)
#21 D:\\projetos\\DOMMUS\\Teste-FullStack-Pleno\\backend\\vendor\\illuminate\\auth\\AuthManager.php(336): Tymon\\JWTAuth\\JWTGuard->attempt(Array)
#22 D:\\projetos\\DOMMUS\\Teste-FullStack-Pleno\\backend\\app\\Http\\Controllers\\AuthController.php(32): Illuminate\\Auth\\AuthManager->__call('attempt', Array)
#23 D:\\projetos\\DOMMUS\\Teste-FullStack-Pleno\\backend\\vendor\\illuminate\\container\\BoundMethod.php(36): App\\Http\\Controllers\\AuthController->login(Object(Laravel\\Lumen\\Http\\Request))
#24 D:\\projetos\\DOMMUS\\Teste-FullStack-Pleno\\backend\\vendor\\illuminate\\container\\Util.php(40): Illuminate\\Container\\BoundMethod::Illuminate\\Container\\{closure}()
#25 D:\\projetos\\DOMMUS\\Teste-FullStack-Pleno\\backend\\vendor\\illuminate\\container\\BoundMethod.php(93): Illuminate\\Container\\Util::unwrapIfClosure(Object(Closure))
#26 D:\\projetos\\DOMMUS\\Teste-FullStack-Pleno\\backend\\vendor\\illuminate\\container\\BoundMethod.php(37): Illuminate\\Container\\BoundMethod::callBoundMethod(Object(Laravel\\Lumen\\Application), Array, Object(Closure))
#27 D:\\projetos\\DOMMUS\\Teste-FullStack-Pleno\\backend\\vendor\\illuminate\\container\\Container.php(653): Illuminate\\Container\\BoundMethod::call(Object(Laravel\\Lumen\\Application), Array, Array, NULL)
#28 D:\\projetos\\DOMMUS\\Teste-FullStack-Pleno\\backend\\vendor\\laravel\\lumen-framework\\src\\Concerns\\RoutesRequests.php(389): Illuminate\\Container\\Container->call(Array, Array)
#29 D:\\projetos\\DOMMUS\\Teste-FullStack-Pleno\\backend\\vendor\\laravel\\lumen-framework\\src\\Concerns\\RoutesRequests.php(355): Laravel\\Lumen\\Application->callControllerCallable(Array, Array)
#30 D:\\projetos\\DOMMUS\\Teste-FullStack-Pleno\\backend\\vendor\\laravel\\lumen-framework\\src\\Concerns\\RoutesRequests.php(329): Laravel\\Lumen\\Application->callLumenController(Object(App\\Http\\Controllers\\AuthController), 'login', Array)
#31 D:\\projetos\\DOMMUS\\Teste-FullStack-Pleno\\backend\\vendor\\laravel\\lumen-framework\\src\\Concerns\\RoutesRequests.php(282): Laravel\\Lumen\\Application->callControllerAction(Array)
#32 D:\\projetos\\DOMMUS\\Teste-FullStack-Pleno\\backend\\vendor\\laravel\\lumen-framework\\src\\Concerns\\RoutesRequests.php(267): Laravel\\Lumen\\Application->callActionOnArrayBasedRoute(Array)
#33 D:\\projetos\\DOMMUS\\Teste-FullStack-Pleno\\backend\\vendor\\laravel\\lumen-framework\\src\\Concerns\\RoutesRequests.php(169): Laravel\\Lumen\\Application->handleFoundRoute(Array)
#34 D:\\projetos\\DOMMUS\\Teste-FullStack-Pleno\\backend\\vendor\\laravel\\lumen-framework\\src\\Routing\\Pipeline.php(48): Laravel\\Lumen\\Application->Laravel\\Lumen\\Concerns\\{closure}(Object(Laravel\\Lumen\\Http\\Request))
#35 D:\\projetos\\DOMMUS\\Teste-FullStack-Pleno\\backend\\vendor\\barryvdh\\laravel-cors\\src\\HandleCors.php(52): Laravel\\Lumen\\Routing\\Pipeline->Laravel\\Lumen\\Routing\\{closure}(Object(Laravel\\Lumen\\Http\\Request))
#36 D:\\projetos\\DOMMUS\\Teste-FullStack-Pleno\\backend\\vendor\\illuminate\\pipeline\\Pipeline.php(167): Fruitcake\\Cors\\HandleCors->handle(Object(Laravel\\Lumen\\Http\\Request), Object(Closure))
#37 D:\\projetos\\DOMMUS\\Teste-FullStack-Pleno\\backend\\vendor\\laravel\\lumen-framework\\src\\Routing\\Pipeline.php(30): Illuminate\\Pipeline\\Pipeline->Illuminate\\Pipeline\\{closure}(Object(Laravel\\Lumen\\Http\\Request))
#38 D:\\projetos\\DOMMUS\\Teste-FullStack-Pleno\\backend\\vendor\\illuminate\\pipeline\\Pipeline.php(103): Laravel\\Lumen\\Routing\\Pipeline->Laravel\\Lumen\\Routing\\{closure}(Object(Laravel\\Lumen\\Http\\Request))
#39 D:\\projetos\\DOMMUS\\Teste-FullStack-Pleno\\backend\\vendor\\laravel\\lumen-framework\\src\\Concerns\\RoutesRequests.php(426): Illuminate\\Pipeline\\Pipeline->then(Object(Closure))
#40 D:\\projetos\\DOMMUS\\Teste-FullStack-Pleno\\backend\\vendor\\laravel\\lumen-framework\\src\\Concerns\\RoutesRequests.php(175): Laravel\\Lumen\\Application->sendThroughPipeline(Array, Object(Closure))
#41 D:\\projetos\\DOMMUS\\Teste-FullStack-Pleno\\backend\\vendor\\laravel\\lumen-framework\\src\\Concerns\\RoutesRequests.php(112): Laravel\\Lumen\\Application->dispatch(NULL)
#42 D:\\projetos\\DOMMUS\\Teste-FullStack-Pleno\\backend\\public\\index.php(28): Laravel\\Lumen\\Application->run()
#43 {main}
"} 
[2022-08-15 16:02:26] local.ERROR: syntax error, unexpected 'public' (T_PUBLIC), expecting ';' or '{' {"exception":"[object] (ParseError(code: 0): syntax error, unexpected 'public' (T_PUBLIC), expecting ';' or '{' at D:\\projetos\\DOMMUS\\Teste-FullStack-Pleno\\backend\\app\\Contracts\\EmpreendimentoContract.php:16)
[stacktrace]
#0 D:\\projetos\\DOMMUS\\Teste-FullStack-Pleno\\backend\\vendor\\composer\\ClassLoader.php(428): Composer\\Autoload\\includeFile('D:\\\\projetos\\\\DOM...')
#1 [internal function]: Composer\\Autoload\\ClassLoader->loadClass('App\\\\Contracts\\\\E...')
#2 [internal function]: spl_autoload_call('App\\\\Contracts\\\\E...')
#3 D:\\projetos\\DOMMUS\\Teste-FullStack-Pleno\\backend\\vendor\\illuminate\\container\\Container.php(877): ReflectionClass->__construct('App\\\\Contracts\\\\E...')
#4 D:\\projetos\\DOMMUS\\Teste-FullStack-Pleno\\backend\\vendor\\illuminate\\container\\Container.php(758): Illuminate\\Container\\Container->build('App\\\\Contracts\\\\E...')
#5 D:\\projetos\\DOMMUS\\Teste-FullStack-Pleno\\backend\\vendor\\illuminate\\container\\Container.php(694): Illuminate\\Container\\Container->resolve('App\\\\Contracts\\\\E...', Array)
#6 D:\\projetos\\DOMMUS\\Teste-FullStack-Pleno\\backend\\vendor\\laravel\\lumen-framework\\src\\Application.php(300): Illuminate\\Container\\Container->make('App\\\\Contracts\\\\E...', Array)
#7 D:\\projetos\\DOMMUS\\Teste-FullStack-Pleno\\backend\\vendor\\illuminate\\container\\BoundMethod.php(182): Laravel\\Lumen\\Application->make('App\\\\Contracts\\\\E...')
#8 D:\\projetos\\DOMMUS\\Teste-FullStack-Pleno\\backend\\vendor\\illuminate\\container\\BoundMethod.php(124): Illuminate\\Container\\BoundMethod::addDependencyForCallParameter(Object(Laravel\\Lumen\\Application), Object(ReflectionParameter), Array, Array)
#9 D:\\projetos\\DOMMUS\\Teste-FullStack-Pleno\\backend\\vendor\\illuminate\\container\\BoundMethod.php(36): Illuminate\\Container\\BoundMethod::getMethodDependencies(Object(Laravel\\Lumen\\Application), Array, Array)
#10 D:\\projetos\\DOMMUS\\Teste-FullStack-Pleno\\backend\\vendor\\illuminate\\container\\Util.php(40): Illuminate\\Container\\BoundMethod::Illuminate\\Container\\{closure}()
#11 D:\\projetos\\DOMMUS\\Teste-FullStack-Pleno\\backend\\vendor\\illuminate\\container\\BoundMethod.php(93): Illuminate\\Container\\Util::unwrapIfClosure(Object(Closure))
#12 D:\\projetos\\DOMMUS\\Teste-FullStack-Pleno\\backend\\vendor\\illuminate\\container\\BoundMethod.php(37): Illuminate\\Container\\BoundMethod::callBoundMethod(Object(Laravel\\Lumen\\Application), Array, Object(Closure))
#13 D:\\projetos\\DOMMUS\\Teste-FullStack-Pleno\\backend\\vendor\\illuminate\\container\\Container.php(653): Illuminate\\Container\\BoundMethod::call(Object(Laravel\\Lumen\\Application), Array, Array, NULL)
#14 D:\\projetos\\DOMMUS\\Teste-FullStack-Pleno\\backend\\vendor\\laravel\\lumen-framework\\src\\Concerns\\RoutesRequests.php(389): Illuminate\\Container\\Container->call(Array, Array)
#15 D:\\projetos\\DOMMUS\\Teste-FullStack-Pleno\\backend\\vendor\\laravel\\lumen-framework\\src\\Concerns\\RoutesRequests.php(355): Laravel\\Lumen\\Application->callControllerCallable(Array, Array)
#16 D:\\projetos\\DOMMUS\\Teste-FullStack-Pleno\\backend\\vendor\\laravel\\lumen-framework\\src\\Concerns\\RoutesRequests.php(329): Laravel\\Lumen\\Application->callLumenController(Object(App\\Http\\Controllers\\EmpreendimentoController), 'getAll', Array)
#17 D:\\projetos\\DOMMUS\\Teste-FullStack-Pleno\\backend\\vendor\\laravel\\lumen-framework\\src\\Concerns\\RoutesRequests.php(282): Laravel\\Lumen\\Application->callControllerAction(Array)
#18 D:\\projetos\\DOMMUS\\Teste-FullStack-Pleno\\backend\\vendor\\laravel\\lumen-framework\\src\\Concerns\\RoutesRequests.php(262): Laravel\\Lumen\\Application->callActionOnArrayBasedRoute(Array)
#19 D:\\projetos\\DOMMUS\\Teste-FullStack-Pleno\\backend\\vendor\\laravel\\lumen-framework\\src\\Routing\\Pipeline.php(48): Laravel\\Lumen\\Application->Laravel\\Lumen\\Concerns\\{closure}(Object(Laravel\\Lumen\\Http\\Request))
#20 D:\\projetos\\DOMMUS\\Teste-FullStack-Pleno\\backend\\app\\Http\\Middleware\\Authenticate.php(42): Laravel\\Lumen\\Routing\\Pipeline->Laravel\\Lumen\\Routing\\{closure}(Object(Laravel\\Lumen\\Http\\Request))
#21 D:\\projetos\\DOMMUS\\Teste-FullStack-Pleno\\backend\\vendor\\illuminate\\pipeline\\Pipeline.php(167): App\\Http\\Middleware\\Authenticate->handle(Object(Laravel\\Lumen\\Http\\Request), Object(Closure))
#22 D:\\projetos\\DOMMUS\\Teste-FullStack-Pleno\\backend\\vendor\\laravel\\lumen-framework\\src\\Routing\\Pipeline.php(30): Illuminate\\Pipeline\\Pipeline->Illuminate\\Pipeline\\{closure}(Object(Laravel\\Lumen\\Http\\Request))
#23 D:\\projetos\\DOMMUS\\Teste-FullStack-Pleno\\backend\\vendor\\illuminate\\pipeline\\Pipeline.php(103): Laravel\\Lumen\\Routing\\Pipeline->Laravel\\Lumen\\Routing\\{closure}(Object(Laravel\\Lumen\\Http\\Request))
#24 D:\\projetos\\DOMMUS\\Teste-FullStack-Pleno\\backend\\vendor\\laravel\\lumen-framework\\src\\Concerns\\RoutesRequests.php(426): Illuminate\\Pipeline\\Pipeline->then(Object(Closure))
#25 D:\\projetos\\DOMMUS\\Teste-FullStack-Pleno\\backend\\vendor\\laravel\\lumen-framework\\src\\Concerns\\RoutesRequests.php(263): Laravel\\Lumen\\Application->sendThroughPipeline(Array, Object(Closure))
#26 D:\\projetos\\DOMMUS\\Teste-FullStack-Pleno\\backend\\vendor\\laravel\\lumen-framework\\src\\Concerns\\RoutesRequests.php(237): Laravel\\Lumen\\Application->handleFoundRoute(Array)
#27 D:\\projetos\\DOMMUS\\Teste-FullStack-Pleno\\backend\\vendor\\laravel\\lumen-framework\\src\\Concerns\\RoutesRequests.php(173): Laravel\\Lumen\\Application->handleDispatcherResponse(Array)
#28 D:\\projetos\\DOMMUS\\Teste-FullStack-Pleno\\backend\\vendor\\laravel\\lumen-framework\\src\\Routing\\Pipeline.php(48): Laravel\\Lumen\\Application->Laravel\\Lumen\\Concerns\\{closure}(Object(Laravel\\Lumen\\Http\\Request))
#29 D:\\projetos\\DOMMUS\\Teste-FullStack-Pleno\\backend\\vendor\\barryvdh\\laravel-cors\\src\\HandleCors.php(52): Laravel\\Lumen\\Routing\\Pipeline->Laravel\\Lumen\\Routing\\{closure}(Object(Laravel\\Lumen\\Http\\Request))
#30 D:\\projetos\\DOMMUS\\Teste-FullStack-Pleno\\backend\\vendor\\illuminate\\pipeline\\Pipeline.php(167): Fruitcake\\Cors\\HandleCors->handle(Object(Laravel\\Lumen\\Http\\Request), Object(Closure))
#31 D:\\projetos\\DOMMUS\\Teste-FullStack-Pleno\\backend\\vendor\\laravel\\lumen-framework\\src\\Routing\\Pipeline.php(30): Illuminate\\Pipeline\\Pipeline->Illuminate\\Pipeline\\{closure}(Object(Laravel\\Lumen\\Http\\Request))
#32 D:\\projetos\\DOMMUS\\Teste-FullStack-Pleno\\backend\\vendor\\illuminate\\pipeline\\Pipeline.php(103): Laravel\\Lumen\\Routing\\Pipeline->Laravel\\Lumen\\Routing\\{closure}(Object(Laravel\\Lumen\\Http\\Request))
#33 D:\\projetos\\DOMMUS\\Teste-FullStack-Pleno\\backend\\vendor\\laravel\\lumen-framework\\src\\Concerns\\RoutesRequests.php(426): Illuminate\\Pipeline\\Pipeline->then(Object(Closure))
#34 D:\\projetos\\DOMMUS\\Teste-FullStack-Pleno\\backend\\vendor\\laravel\\lumen-framework\\src\\Concerns\\RoutesRequests.php(175): Laravel\\Lumen\\Application->sendThroughPipeline(Array, Object(Closure))
#35 D:\\projetos\\DOMMUS\\Teste-FullStack-Pleno\\backend\\vendor\\laravel\\lumen-framework\\src\\Concerns\\RoutesRequests.php(112): Laravel\\Lumen\\Application->dispatch(NULL)
#36 D:\\projetos\\DOMMUS\\Teste-FullStack-Pleno\\backend\\public\\index.php(28): Laravel\\Lumen\\Application->run()
#37 {main}
"} 
[2022-08-15 16:03:13] local.ERROR: Target [App\Contracts\EmpreendimentoContract] is not instantiable. {"exception":"[object] (Illuminate\\Contracts\\Container\\BindingResolutionException(code: 0): Target [App\\Contracts\\EmpreendimentoContract] is not instantiable. at D:\\projetos\\DOMMUS\\Teste-FullStack-Pleno\\backend\\vendor\\illuminate\\container\\Container.php:1089)
[stacktrace]
#0 D:\\projetos\\DOMMUS\\Teste-FullStack-Pleno\\backend\\vendor\\illuminate\\container\\Container.php(886): Illuminate\\Container\\Container->notInstantiable('App\\\\Contracts\\\\E...')
#1 D:\\projetos\\DOMMUS\\Teste-FullStack-Pleno\\backend\\vendor\\illuminate\\container\\Container.php(758): Illuminate\\Container\\Container->build('App\\\\Contracts\\\\E...')
#2 D:\\projetos\\DOMMUS\\Teste-FullStack-Pleno\\backend\\vendor\\illuminate\\container\\Container.php(694): Illuminate\\Container\\Container->resolve('App\\\\Contracts\\\\E...', Array)
#3 D:\\projetos\\DOMMUS\\Teste-FullStack-Pleno\\backend\\vendor\\laravel\\lumen-framework\\src\\Application.php(300): Illuminate\\Container\\Container->make('App\\\\Contracts\\\\E...', Array)
#4 D:\\projetos\\DOMMUS\\Teste-FullStack-Pleno\\backend\\vendor\\illuminate\\container\\BoundMethod.php(182): Laravel\\Lumen\\Application->make('App\\\\Contracts\\\\E...')
#5 D:\\projetos\\DOMMUS\\Teste-FullStack-Pleno\\backend\\vendor\\illuminate\\container\\BoundMethod.php(124): Illuminate\\Container\\BoundMethod::addDependencyForCallParameter(Object(Laravel\\Lumen\\Application), Object(ReflectionParameter), Array, Array)
#6 D:\\projetos\\DOMMUS\\Teste-FullStack-Pleno\\backend\\vendor\\illuminate\\container\\BoundMethod.php(36): Illuminate\\Container\\BoundMethod::getMethodDependencies(Object(Laravel\\Lumen\\Application), Array, Array)
#7 D:\\projetos\\DOMMUS\\Teste-FullStack-Pleno\\backend\\vendor\\illuminate\\container\\Util.php(40): Illuminate\\Container\\BoundMethod::Illuminate\\Container\\{closure}()
#8 D:\\projetos\\DOMMUS\\Teste-FullStack-Pleno\\backend\\vendor\\illuminate\\container\\BoundMethod.php(93): Illuminate\\Container\\Util::unwrapIfClosure(Object(Closure))
#9 D:\\projetos\\DOMMUS\\Teste-FullStack-Pleno\\backend\\vendor\\illuminate\\container\\BoundMethod.php(37): Illuminate\\Container\\BoundMethod::callBoundMethod(Object(Laravel\\Lumen\\Application), Array, Object(Closure))
#10 D:\\projetos\\DOMMUS\\Teste-FullStack-Pleno\\backend\\vendor\\illuminate\\container\\Container.php(653): Illuminate\\Container\\BoundMethod::call(Object(Laravel\\Lumen\\Application), Array, Array, NULL)
#11 D:\\projetos\\DOMMUS\\Teste-FullStack-Pleno\\backend\\vendor\\laravel\\lumen-framework\\src\\Concerns\\RoutesRequests.php(389): Illuminate\\Container\\Container->call(Array, Array)
#12 D:\\projetos\\DOMMUS\\Teste-FullStack-Pleno\\backend\\vendor\\laravel\\lumen-framework\\src\\Concerns\\RoutesRequests.php(355): Laravel\\Lumen\\Application->callControllerCallable(Array, Array)
#13 D:\\projetos\\DOMMUS\\Teste-FullStack-Pleno\\backend\\vendor\\laravel\\lumen-framework\\src\\Concerns\\RoutesRequests.php(329): Laravel\\Lumen\\Application->callLumenController(Object(App\\Http\\Controllers\\EmpreendimentoController), 'getAll', Array)
#14 D:\\projetos\\DOMMUS\\Teste-FullStack-Pleno\\backend\\vendor\\laravel\\lumen-framework\\src\\Concerns\\RoutesRequests.php(282): Laravel\\Lumen\\Application->callControllerAction(Array)
#15 D:\\projetos\\DOMMUS\\Teste-FullStack-Pleno\\backend\\vendor\\laravel\\lumen-framework\\src\\Concerns\\RoutesRequests.php(262): Laravel\\Lumen\\Application->callActionOnArrayBasedRoute(Array)
#16 D:\\projetos\\DOMMUS\\Teste-FullStack-Pleno\\backend\\vendor\\laravel\\lumen-framework\\src\\Routing\\Pipeline.php(48): Laravel\\Lumen\\Application->Laravel\\Lumen\\Concerns\\{closure}(Object(Laravel\\Lumen\\Http\\Request))
#17 D:\\projetos\\DOMMUS\\Teste-FullStack-Pleno\\backend\\app\\Http\\Middleware\\Authenticate.php(42): Laravel\\Lumen\\Routing\\Pipeline->Laravel\\Lumen\\Routing\\{closure}(Object(Laravel\\Lumen\\Http\\Request))
#18 D:\\projetos\\DOMMUS\\Teste-FullStack-Pleno\\backend\\vendor\\illuminate\\pipeline\\Pipeline.php(167): App\\Http\\Middleware\\Authenticate->handle(Object(Laravel\\Lumen\\Http\\Request), Object(Closure))
#19 D:\\projetos\\DOMMUS\\Teste-FullStack-Pleno\\backend\\vendor\\laravel\\lumen-framework\\src\\Routing\\Pipeline.php(30): Illuminate\\Pipeline\\Pipeline->Illuminate\\Pipeline\\{closure}(Object(Laravel\\Lumen\\Http\\Request))
#20 D:\\projetos\\DOMMUS\\Teste-FullStack-Pleno\\backend\\vendor\\illuminate\\pipeline\\Pipeline.php(103): Laravel\\Lumen\\Routing\\Pipeline->Laravel\\Lumen\\Routing\\{closure}(Object(Laravel\\Lumen\\Http\\Request))
#21 D:\\projetos\\DOMMUS\\Teste-FullStack-Pleno\\backend\\vendor\\laravel\\lumen-framework\\src\\Concerns\\RoutesRequests.php(426): Illuminate\\Pipeline\\Pipeline->then(Object(Closure))
#22 D:\\projetos\\DOMMUS\\Teste-FullStack-Pleno\\backend\\vendor\\laravel\\lumen-framework\\src\\Concerns\\RoutesRequests.php(263): Laravel\\Lumen\\Application->sendThroughPipeline(Array, Object(Closure))
#23 D:\\projetos\\DOMMUS\\Teste-FullStack-Pleno\\backend\\vendor\\laravel\\lumen-framework\\src\\Concerns\\RoutesRequests.php(237): Laravel\\Lumen\\Application->handleFoundRoute(Array)
#24 D:\\projetos\\DOMMUS\\Teste-FullStack-Pleno\\backend\\vendor\\laravel\\lumen-framework\\src\\Concerns\\RoutesRequests.php(173): Laravel\\Lumen\\Application->handleDispatcherResponse(Array)
#25 D:\\projetos\\DOMMUS\\Teste-FullStack-Pleno\\backend\\vendor\\laravel\\lumen-framework\\src\\Routing\\Pipeline.php(48): Laravel\\Lumen\\Application->Laravel\\Lumen\\Concerns\\{closure}(Object(Laravel\\Lumen\\Http\\Request))
#26 D:\\projetos\\DOMMUS\\Teste-FullStack-Pleno\\backend\\vendor\\barryvdh\\laravel-cors\\src\\HandleCors.php(52): Laravel\\Lumen\\Routing\\Pipeline->Laravel\\Lumen\\Routing\\{closure}(Object(Laravel\\Lumen\\Http\\Request))
#27 D:\\projetos\\DOMMUS\\Teste-FullStack-Pleno\\backend\\vendor\\illuminate\\pipeline\\Pipeline.php(167): Fruitcake\\Cors\\HandleCors->handle(Object(Laravel\\Lumen\\Http\\Request), Object(Closure))
#28 D:\\projetos\\DOMMUS\\Teste-FullStack-Pleno\\backend\\vendor\\laravel\\lumen-framework\\src\\Routing\\Pipeline.php(30): Illuminate\\Pipeline\\Pipeline->Illuminate\\Pipeline\\{closure}(Object(Laravel\\Lumen\\Http\\Request))
#29 D:\\projetos\\DOMMUS\\Teste-FullStack-Pleno\\backend\\vendor\\illuminate\\pipeline\\Pipeline.php(103): Laravel\\Lumen\\Routing\\Pipeline->Laravel\\Lumen\\Routing\\{closure}(Object(Laravel\\Lumen\\Http\\Request))
#30 D:\\projetos\\DOMMUS\\Teste-FullStack-Pleno\\backend\\vendor\\laravel\\lumen-framework\\src\\Concerns\\RoutesRequests.php(426): Illuminate\\Pipeline\\Pipeline->then(Object(Closure))
#31 D:\\projetos\\DOMMUS\\Teste-FullStack-Pleno\\backend\\vendor\\laravel\\lumen-framework\\src\\Concerns\\RoutesRequests.php(175): Laravel\\Lumen\\Application->sendThroughPipeline(Array, Object(Closure))
#32 D:\\projetos\\DOMMUS\\Teste-FullStack-Pleno\\backend\\vendor\\laravel\\lumen-framework\\src\\Concerns\\RoutesRequests.php(112): Laravel\\Lumen\\Application->dispatch(NULL)
#33 D:\\projetos\\DOMMUS\\Teste-FullStack-Pleno\\backend\\public\\index.php(28): Laravel\\Lumen\\Application->run()
#34 {main}
"} 
[2022-08-15 16:05:24] local.INFO: EMPREENDIMENTOS:object  
