[2022-08-14 17:22:57] local.ERROR: Unable to resolve dependency [Parameter #0 [ <required> $filtro ]] in class App\Http\Controllers\EmpreendimentoController {"exception":"[object] (Illuminate\\Contracts\\Container\\BindingResolutionException(code: 0): Unable to resolve dependency [Parameter #0 [ <required> $filtro ]] in class App\\Http\\Controllers\\EmpreendimentoController at D:\\projetos\\DOMMUS\\Teste-FullStack-Pleno\\vendor\\illuminate\\container\\BoundMethod.php:190)
[stacktrace]
#0 D:\\projetos\\DOMMUS\\Teste-FullStack-Pleno\\vendor\\illuminate\\container\\BoundMethod.php(124): Illuminate\\Container\\BoundMethod::addDependencyForCallParameter(Object(Laravel\\Lumen\\Application), Object(ReflectionParameter), Array, Array)
#1 D:\\projetos\\DOMMUS\\Teste-FullStack-Pleno\\vendor\\illuminate\\container\\BoundMethod.php(36): Illuminate\\Container\\BoundMethod::getMethodDependencies(Object(Laravel\\Lumen\\Application), Array, Array)
#2 D:\\projetos\\DOMMUS\\Teste-FullStack-Pleno\\vendor\\illuminate\\container\\Util.php(40): Illuminate\\Container\\BoundMethod::Illuminate\\Container\\{closure}()
#3 D:\\projetos\\DOMMUS\\Teste-FullStack-Pleno\\vendor\\illuminate\\container\\BoundMethod.php(93): Illuminate\\Container\\Util::unwrapIfClosure(Object(Closure))
#4 D:\\projetos\\DOMMUS\\Teste-FullStack-Pleno\\vendor\\illuminate\\container\\BoundMethod.php(37): Illuminate\\Container\\BoundMethod::callBoundMethod(Object(Laravel\\Lumen\\Application), Array, Object(Closure))
#5 D:\\projetos\\DOMMUS\\Teste-FullStack-Pleno\\vendor\\illuminate\\container\\Container.php(653): Illuminate\\Container\\BoundMethod::call(Object(Laravel\\Lumen\\Application), Array, Array, NULL)
#6 D:\\projetos\\DOMMUS\\Teste-FullStack-Pleno\\vendor\\laravel\\lumen-framework\\src\\Concerns\\RoutesRequests.php(389): Illuminate\\Container\\Container->call(Array, Array)
#7 D:\\projetos\\DOMMUS\\Teste-FullStack-Pleno\\vendor\\laravel\\lumen-framework\\src\\Concerns\\RoutesRequests.php(355): Laravel\\Lumen\\Application->callControllerCallable(Array, Array)
#8 D:\\projetos\\DOMMUS\\Teste-FullStack-Pleno\\vendor\\laravel\\lumen-framework\\src\\Concerns\\RoutesRequests.php(329): Laravel\\Lumen\\Application->callLumenController(Object(App\\Http\\Controllers\\EmpreendimentoController), 'getAll', Array)
#9 D:\\projetos\\DOMMUS\\Teste-FullStack-Pleno\\vendor\\laravel\\lumen-framework\\src\\Concerns\\RoutesRequests.php(282): Laravel\\Lumen\\Application->callControllerAction(Array)
#10 D:\\projetos\\DOMMUS\\Teste-FullStack-Pleno\\vendor\\laravel\\lumen-framework\\src\\Concerns\\RoutesRequests.php(267): Laravel\\Lumen\\Application->callActionOnArrayBasedRoute(Array)
#11 D:\\projetos\\DOMMUS\\Teste-FullStack-Pleno\\vendor\\laravel\\lumen-framework\\src\\Concerns\\RoutesRequests.php(169): Laravel\\Lumen\\Application->handleFoundRoute(Array)
#12 D:\\projetos\\DOMMUS\\Teste-FullStack-Pleno\\vendor\\laravel\\lumen-framework\\src\\Concerns\\RoutesRequests.php(429): Laravel\\Lumen\\Application->Laravel\\Lumen\\Concerns\\{closure}(Object(Laravel\\Lumen\\Http\\Request))
#13 D:\\projetos\\DOMMUS\\Teste-FullStack-Pleno\\vendor\\laravel\\lumen-framework\\src\\Concerns\\RoutesRequests.php(175): Laravel\\Lumen\\Application->sendThroughPipeline(Array, Object(Closure))
#14 D:\\projetos\\DOMMUS\\Teste-FullStack-Pleno\\vendor\\laravel\\lumen-framework\\src\\Concerns\\RoutesRequests.php(112): Laravel\\Lumen\\Application->dispatch(NULL)
#15 D:\\projetos\\DOMMUS\\Teste-FullStack-Pleno\\public\\index.php(28): Laravel\\Lumen\\Application->run()
#16 {main}
"} 
[2022-08-14 17:37:12] local.ERROR: Unable to resolve dependency [Parameter #0 [ <required> $filtro ]] in class App\Http\Controllers\EmpreendimentoController {"exception":"[object] (Illuminate\\Contracts\\Container\\BindingResolutionException(code: 0): Unable to resolve dependency [Parameter #0 [ <required> $filtro ]] in class App\\Http\\Controllers\\EmpreendimentoController at D:\\projetos\\DOMMUS\\Teste-FullStack-Pleno\\vendor\\illuminate\\container\\BoundMethod.php:190)
[stacktrace]
#0 D:\\projetos\\DOMMUS\\Teste-FullStack-Pleno\\vendor\\illuminate\\container\\BoundMethod.php(124): Illuminate\\Container\\BoundMethod::addDependencyForCallParameter(Object(Laravel\\Lumen\\Application), Object(ReflectionParameter), Array, Array)
#1 D:\\projetos\\DOMMUS\\Teste-FullStack-Pleno\\vendor\\illuminate\\container\\BoundMethod.php(36): Illuminate\\Container\\BoundMethod::getMethodDependencies(Object(Laravel\\Lumen\\Application), Array, Array)
#2 D:\\projetos\\DOMMUS\\Teste-FullStack-Pleno\\vendor\\illuminate\\container\\Util.php(40): Illuminate\\Container\\BoundMethod::Illuminate\\Container\\{closure}()
#3 D:\\projetos\\DOMMUS\\Teste-FullStack-Pleno\\vendor\\illuminate\\container\\BoundMethod.php(93): Illuminate\\Container\\Util::unwrapIfClosure(Object(Closure))
#4 D:\\projetos\\DOMMUS\\Teste-FullStack-Pleno\\vendor\\illuminate\\container\\BoundMethod.php(37): Illuminate\\Container\\BoundMethod::callBoundMethod(Object(Laravel\\Lumen\\Application), Array, Object(Closure))
#5 D:\\projetos\\DOMMUS\\Teste-FullStack-Pleno\\vendor\\illuminate\\container\\Container.php(653): Illuminate\\Container\\BoundMethod::call(Object(Laravel\\Lumen\\Application), Array, Array, NULL)
#6 D:\\projetos\\DOMMUS\\Teste-FullStack-Pleno\\vendor\\laravel\\lumen-framework\\src\\Concerns\\RoutesRequests.php(389): Illuminate\\Container\\Container->call(Array, Array)
#7 D:\\projetos\\DOMMUS\\Teste-FullStack-Pleno\\vendor\\laravel\\lumen-framework\\src\\Concerns\\RoutesRequests.php(355): Laravel\\Lumen\\Application->callControllerCallable(Array, Array)
#8 D:\\projetos\\DOMMUS\\Teste-FullStack-Pleno\\vendor\\laravel\\lumen-framework\\src\\Concerns\\RoutesRequests.php(329): Laravel\\Lumen\\Application->callLumenController(Object(App\\Http\\Controllers\\EmpreendimentoController), 'getAll', Array)
#9 D:\\projetos\\DOMMUS\\Teste-FullStack-Pleno\\vendor\\laravel\\lumen-framework\\src\\Concerns\\RoutesRequests.php(282): Laravel\\Lumen\\Application->callControllerAction(Array)
#10 D:\\projetos\\DOMMUS\\Teste-FullStack-Pleno\\vendor\\laravel\\lumen-framework\\src\\Concerns\\RoutesRequests.php(267): Laravel\\Lumen\\Application->callActionOnArrayBasedRoute(Array)
#11 D:\\projetos\\DOMMUS\\Teste-FullStack-Pleno\\vendor\\laravel\\lumen-framework\\src\\Concerns\\RoutesRequests.php(237): Laravel\\Lumen\\Application->handleFoundRoute(Array)
#12 D:\\projetos\\DOMMUS\\Teste-FullStack-Pleno\\vendor\\laravel\\lumen-framework\\src\\Concerns\\RoutesRequests.php(173): Laravel\\Lumen\\Application->handleDispatcherResponse(Array)
#13 D:\\projetos\\DOMMUS\\Teste-FullStack-Pleno\\vendor\\laravel\\lumen-framework\\src\\Concerns\\RoutesRequests.php(429): Laravel\\Lumen\\Application->Laravel\\Lumen\\Concerns\\{closure}(Object(Laravel\\Lumen\\Http\\Request))
#14 D:\\projetos\\DOMMUS\\Teste-FullStack-Pleno\\vendor\\laravel\\lumen-framework\\src\\Concerns\\RoutesRequests.php(175): Laravel\\Lumen\\Application->sendThroughPipeline(Array, Object(Closure))
#15 D:\\projetos\\DOMMUS\\Teste-FullStack-Pleno\\vendor\\laravel\\lumen-framework\\src\\Concerns\\RoutesRequests.php(112): Laravel\\Lumen\\Application->dispatch(NULL)
#16 D:\\projetos\\DOMMUS\\Teste-FullStack-Pleno\\public\\index.php(28): Laravel\\Lumen\\Application->run()
#17 {main}
"} 
[2022-08-14 17:37:20] local.ERROR: Unable to resolve dependency [Parameter #0 [ <required> $filtro ]] in class App\Http\Controllers\EmpreendimentoController {"exception":"[object] (Illuminate\\Contracts\\Container\\BindingResolutionException(code: 0): Unable to resolve dependency [Parameter #0 [ <required> $filtro ]] in class App\\Http\\Controllers\\EmpreendimentoController at D:\\projetos\\DOMMUS\\Teste-FullStack-Pleno\\vendor\\illuminate\\container\\BoundMethod.php:190)
[stacktrace]
#0 D:\\projetos\\DOMMUS\\Teste-FullStack-Pleno\\vendor\\illuminate\\container\\BoundMethod.php(124): Illuminate\\Container\\BoundMethod::addDependencyForCallParameter(Object(Laravel\\Lumen\\Application), Object(ReflectionParameter), Array, Array)
#1 D:\\projetos\\DOMMUS\\Teste-FullStack-Pleno\\vendor\\illuminate\\container\\BoundMethod.php(36): Illuminate\\Container\\BoundMethod::getMethodDependencies(Object(Laravel\\Lumen\\Application), Array, Array)
#2 D:\\projetos\\DOMMUS\\Teste-FullStack-Pleno\\vendor\\illuminate\\container\\Util.php(40): Illuminate\\Container\\BoundMethod::Illuminate\\Container\\{closure}()
#3 D:\\projetos\\DOMMUS\\Teste-FullStack-Pleno\\vendor\\illuminate\\container\\BoundMethod.php(93): Illuminate\\Container\\Util::unwrapIfClosure(Object(Closure))
#4 D:\\projetos\\DOMMUS\\Teste-FullStack-Pleno\\vendor\\illuminate\\container\\BoundMethod.php(37): Illuminate\\Container\\BoundMethod::callBoundMethod(Object(Laravel\\Lumen\\Application), Array, Object(Closure))
#5 D:\\projetos\\DOMMUS\\Teste-FullStack-Pleno\\vendor\\illuminate\\container\\Container.php(653): Illuminate\\Container\\BoundMethod::call(Object(Laravel\\Lumen\\Application), Array, Array, NULL)
#6 D:\\projetos\\DOMMUS\\Teste-FullStack-Pleno\\vendor\\laravel\\lumen-framework\\src\\Concerns\\RoutesRequests.php(389): Illuminate\\Container\\Container->call(Array, Array)
#7 D:\\projetos\\DOMMUS\\Teste-FullStack-Pleno\\vendor\\laravel\\lumen-framework\\src\\Concerns\\RoutesRequests.php(355): Laravel\\Lumen\\Application->callControllerCallable(Array, Array)
#8 D:\\projetos\\DOMMUS\\Teste-FullStack-Pleno\\vendor\\laravel\\lumen-framework\\src\\Concerns\\RoutesRequests.php(329): Laravel\\Lumen\\Application->callLumenController(Object(App\\Http\\Controllers\\EmpreendimentoController), 'getAll', Array)
#9 D:\\projetos\\DOMMUS\\Teste-FullStack-Pleno\\vendor\\laravel\\lumen-framework\\src\\Concerns\\RoutesRequests.php(282): Laravel\\Lumen\\Application->callControllerAction(Array)
#10 D:\\projetos\\DOMMUS\\Teste-FullStack-Pleno\\vendor\\laravel\\lumen-framework\\src\\Concerns\\RoutesRequests.php(267): Laravel\\Lumen\\Application->callActionOnArrayBasedRoute(Array)
#11 D:\\projetos\\DOMMUS\\Teste-FullStack-Pleno\\vendor\\laravel\\lumen-framework\\src\\Concerns\\RoutesRequests.php(237): Laravel\\Lumen\\Application->handleFoundRoute(Array)
#12 D:\\projetos\\DOMMUS\\Teste-FullStack-Pleno\\vendor\\laravel\\lumen-framework\\src\\Concerns\\RoutesRequests.php(173): Laravel\\Lumen\\Application->handleDispatcherResponse(Array)
#13 D:\\projetos\\DOMMUS\\Teste-FullStack-Pleno\\vendor\\laravel\\lumen-framework\\src\\Concerns\\RoutesRequests.php(429): Laravel\\Lumen\\Application->Laravel\\Lumen\\Concerns\\{closure}(Object(Laravel\\Lumen\\Http\\Request))
#14 D:\\projetos\\DOMMUS\\Teste-FullStack-Pleno\\vendor\\laravel\\lumen-framework\\src\\Concerns\\RoutesRequests.php(175): Laravel\\Lumen\\Application->sendThroughPipeline(Array, Object(Closure))
#15 D:\\projetos\\DOMMUS\\Teste-FullStack-Pleno\\vendor\\laravel\\lumen-framework\\src\\Concerns\\RoutesRequests.php(112): Laravel\\Lumen\\Application->dispatch(NULL)
#16 D:\\projetos\\DOMMUS\\Teste-FullStack-Pleno\\public\\index.php(28): Laravel\\Lumen\\Application->run()
#17 {main}
"} 
[2022-08-14 17:44:26] local.ERROR: The authorization grant type is not supported by the authorization server. {"exception":"[object] (Laravel\\Passport\\Exceptions\\OAuthServerException(code: 2): The authorization grant type is not supported by the authorization server. at D:\\projetos\\DOMMUS\\Teste-FullStack-Pleno\\vendor\\laravel\\passport\\src\\Http\\Controllers\\HandlesOAuthErrors.php:26)
[stacktrace]
#0 D:\\projetos\\DOMMUS\\Teste-FullStack-Pleno\\vendor\\dusterio\\lumen-passport\\src\\Http\\Controllers\\AccessTokenController.php(35): Laravel\\Passport\\Http\\Controllers\\AccessTokenController->withErrorHandling(Object(Closure))
#1 D:\\projetos\\DOMMUS\\Teste-FullStack-Pleno\\vendor\\illuminate\\container\\BoundMethod.php(36): Dusterio\\LumenPassport\\Http\\Controllers\\AccessTokenController->issueToken(Object(Nyholm\\Psr7\\ServerRequest))
#2 D:\\projetos\\DOMMUS\\Teste-FullStack-Pleno\\vendor\\illuminate\\container\\Util.php(40): Illuminate\\Container\\BoundMethod::Illuminate\\Container\\{closure}()
#3 D:\\projetos\\DOMMUS\\Teste-FullStack-Pleno\\vendor\\illuminate\\container\\BoundMethod.php(93): Illuminate\\Container\\Util::unwrapIfClosure(Object(Closure))
#4 D:\\projetos\\DOMMUS\\Teste-FullStack-Pleno\\vendor\\illuminate\\container\\BoundMethod.php(37): Illuminate\\Container\\BoundMethod::callBoundMethod(Object(Laravel\\Lumen\\Application), Array, Object(Closure))
#5 D:\\projetos\\DOMMUS\\Teste-FullStack-Pleno\\vendor\\illuminate\\container\\Container.php(653): Illuminate\\Container\\BoundMethod::call(Object(Laravel\\Lumen\\Application), Array, Array, NULL)
#6 D:\\projetos\\DOMMUS\\Teste-FullStack-Pleno\\vendor\\laravel\\lumen-framework\\src\\Concerns\\RoutesRequests.php(389): Illuminate\\Container\\Container->call(Array, Array)
#7 D:\\projetos\\DOMMUS\\Teste-FullStack-Pleno\\vendor\\laravel\\lumen-framework\\src\\Concerns\\RoutesRequests.php(332): Laravel\\Lumen\\Application->callControllerCallable(Array, Array)
#8 D:\\projetos\\DOMMUS\\Teste-FullStack-Pleno\\vendor\\laravel\\lumen-framework\\src\\Concerns\\RoutesRequests.php(282): Laravel\\Lumen\\Application->callControllerAction(Array)
#9 D:\\projetos\\DOMMUS\\Teste-FullStack-Pleno\\vendor\\laravel\\lumen-framework\\src\\Concerns\\RoutesRequests.php(267): Laravel\\Lumen\\Application->callActionOnArrayBasedRoute(Array)
#10 D:\\projetos\\DOMMUS\\Teste-FullStack-Pleno\\vendor\\laravel\\lumen-framework\\src\\Concerns\\RoutesRequests.php(169): Laravel\\Lumen\\Application->handleFoundRoute(Array)
#11 D:\\projetos\\DOMMUS\\Teste-FullStack-Pleno\\vendor\\laravel\\lumen-framework\\src\\Concerns\\RoutesRequests.php(429): Laravel\\Lumen\\Application->Laravel\\Lumen\\Concerns\\{closure}(Object(Laravel\\Lumen\\Http\\Request))
#12 D:\\projetos\\DOMMUS\\Teste-FullStack-Pleno\\vendor\\laravel\\lumen-framework\\src\\Concerns\\RoutesRequests.php(175): Laravel\\Lumen\\Application->sendThroughPipeline(Array, Object(Closure))
#13 D:\\projetos\\DOMMUS\\Teste-FullStack-Pleno\\vendor\\laravel\\lumen-framework\\src\\Concerns\\RoutesRequests.php(112): Laravel\\Lumen\\Application->dispatch(NULL)
#14 D:\\projetos\\DOMMUS\\Teste-FullStack-Pleno\\public\\index.php(28): Laravel\\Lumen\\Application->run()
#15 {main}

[previous exception] [object] (League\\OAuth2\\Server\\Exception\\OAuthServerException(code: 2): The authorization grant type is not supported by the authorization server. at D:\\projetos\\DOMMUS\\Teste-FullStack-Pleno\\vendor\\league\\oauth2-server\\src\\Exception\\OAuthServerException.php:124)
[stacktrace]
#0 D:\\projetos\\DOMMUS\\Teste-FullStack-Pleno\\vendor\\league\\oauth2-server\\src\\AuthorizationServer.php(212): League\\OAuth2\\Server\\Exception\\OAuthServerException::unsupportedGrantType()
#1 D:\\projetos\\DOMMUS\\Teste-FullStack-Pleno\\vendor\\dusterio\\lumen-passport\\src\\Http\\Controllers\\AccessTokenController.php(34): League\\OAuth2\\Server\\AuthorizationServer->respondToAccessTokenRequest(Object(Nyholm\\Psr7\\ServerRequest), Object(Laminas\\Diactoros\\Response))
#2 D:\\projetos\\DOMMUS\\Teste-FullStack-Pleno\\vendor\\laravel\\passport\\src\\Http\\Controllers\\HandlesOAuthErrors.php(24): Dusterio\\LumenPassport\\Http\\Controllers\\AccessTokenController->Dusterio\\LumenPassport\\Http\\Controllers\\{closure}()
#3 D:\\projetos\\DOMMUS\\Teste-FullStack-Pleno\\vendor\\dusterio\\lumen-passport\\src\\Http\\Controllers\\AccessTokenController.php(35): Laravel\\Passport\\Http\\Controllers\\AccessTokenController->withErrorHandling(Object(Closure))
#4 D:\\projetos\\DOMMUS\\Teste-FullStack-Pleno\\vendor\\illuminate\\container\\BoundMethod.php(36): Dusterio\\LumenPassport\\Http\\Controllers\\AccessTokenController->issueToken(Object(Nyholm\\Psr7\\ServerRequest))
#5 D:\\projetos\\DOMMUS\\Teste-FullStack-Pleno\\vendor\\illuminate\\container\\Util.php(40): Illuminate\\Container\\BoundMethod::Illuminate\\Container\\{closure}()
#6 D:\\projetos\\DOMMUS\\Teste-FullStack-Pleno\\vendor\\illuminate\\container\\BoundMethod.php(93): Illuminate\\Container\\Util::unwrapIfClosure(Object(Closure))
#7 D:\\projetos\\DOMMUS\\Teste-FullStack-Pleno\\vendor\\illuminate\\container\\BoundMethod.php(37): Illuminate\\Container\\BoundMethod::callBoundMethod(Object(Laravel\\Lumen\\Application), Array, Object(Closure))
#8 D:\\projetos\\DOMMUS\\Teste-FullStack-Pleno\\vendor\\illuminate\\container\\Container.php(653): Illuminate\\Container\\BoundMethod::call(Object(Laravel\\Lumen\\Application), Array, Array, NULL)
#9 D:\\projetos\\DOMMUS\\Teste-FullStack-Pleno\\vendor\\laravel\\lumen-framework\\src\\Concerns\\RoutesRequests.php(389): Illuminate\\Container\\Container->call(Array, Array)
#10 D:\\projetos\\DOMMUS\\Teste-FullStack-Pleno\\vendor\\laravel\\lumen-framework\\src\\Concerns\\RoutesRequests.php(332): Laravel\\Lumen\\Application->callControllerCallable(Array, Array)
#11 D:\\projetos\\DOMMUS\\Teste-FullStack-Pleno\\vendor\\laravel\\lumen-framework\\src\\Concerns\\RoutesRequests.php(282): Laravel\\Lumen\\Application->callControllerAction(Array)
#12 D:\\projetos\\DOMMUS\\Teste-FullStack-Pleno\\vendor\\laravel\\lumen-framework\\src\\Concerns\\RoutesRequests.php(267): Laravel\\Lumen\\Application->callActionOnArrayBasedRoute(Array)
#13 D:\\projetos\\DOMMUS\\Teste-FullStack-Pleno\\vendor\\laravel\\lumen-framework\\src\\Concerns\\RoutesRequests.php(169): Laravel\\Lumen\\Application->handleFoundRoute(Array)
#14 D:\\projetos\\DOMMUS\\Teste-FullStack-Pleno\\vendor\\laravel\\lumen-framework\\src\\Concerns\\RoutesRequests.php(429): Laravel\\Lumen\\Application->Laravel\\Lumen\\Concerns\\{closure}(Object(Laravel\\Lumen\\Http\\Request))
#15 D:\\projetos\\DOMMUS\\Teste-FullStack-Pleno\\vendor\\laravel\\lumen-framework\\src\\Concerns\\RoutesRequests.php(175): Laravel\\Lumen\\Application->sendThroughPipeline(Array, Object(Closure))
#16 D:\\projetos\\DOMMUS\\Teste-FullStack-Pleno\\vendor\\laravel\\lumen-framework\\src\\Concerns\\RoutesRequests.php(112): Laravel\\Lumen\\Application->dispatch(NULL)
#17 D:\\projetos\\DOMMUS\\Teste-FullStack-Pleno\\public\\index.php(28): Laravel\\Lumen\\Application->run()
#18 {main}
"} 
[2022-08-14 17:45:11] local.ERROR: The authorization grant type is not supported by the authorization server. {"exception":"[object] (Laravel\\Passport\\Exceptions\\OAuthServerException(code: 2): The authorization grant type is not supported by the authorization server. at D:\\projetos\\DOMMUS\\Teste-FullStack-Pleno\\vendor\\laravel\\passport\\src\\Http\\Controllers\\HandlesOAuthErrors.php:26)
[stacktrace]
#0 D:\\projetos\\DOMMUS\\Teste-FullStack-Pleno\\vendor\\dusterio\\lumen-passport\\src\\Http\\Controllers\\AccessTokenController.php(35): Laravel\\Passport\\Http\\Controllers\\AccessTokenController->withErrorHandling(Object(Closure))
#1 D:\\projetos\\DOMMUS\\Teste-FullStack-Pleno\\vendor\\illuminate\\container\\BoundMethod.php(36): Dusterio\\LumenPassport\\Http\\Controllers\\AccessTokenController->issueToken(Object(Nyholm\\Psr7\\ServerRequest))
#2 D:\\projetos\\DOMMUS\\Teste-FullStack-Pleno\\vendor\\illuminate\\container\\Util.php(40): Illuminate\\Container\\BoundMethod::Illuminate\\Container\\{closure}()
#3 D:\\projetos\\DOMMUS\\Teste-FullStack-Pleno\\vendor\\illuminate\\container\\BoundMethod.php(93): Illuminate\\Container\\Util::unwrapIfClosure(Object(Closure))
#4 D:\\projetos\\DOMMUS\\Teste-FullStack-Pleno\\vendor\\illuminate\\container\\BoundMethod.php(37): Illuminate\\Container\\BoundMethod::callBoundMethod(Object(Laravel\\Lumen\\Application), Array, Object(Closure))
#5 D:\\projetos\\DOMMUS\\Teste-FullStack-Pleno\\vendor\\illuminate\\container\\Container.php(653): Illuminate\\Container\\BoundMethod::call(Object(Laravel\\Lumen\\Application), Array, Array, NULL)
#6 D:\\projetos\\DOMMUS\\Teste-FullStack-Pleno\\vendor\\laravel\\lumen-framework\\src\\Concerns\\RoutesRequests.php(389): Illuminate\\Container\\Container->call(Array, Array)
#7 D:\\projetos\\DOMMUS\\Teste-FullStack-Pleno\\vendor\\laravel\\lumen-framework\\src\\Concerns\\RoutesRequests.php(332): Laravel\\Lumen\\Application->callControllerCallable(Array, Array)
#8 D:\\projetos\\DOMMUS\\Teste-FullStack-Pleno\\vendor\\laravel\\lumen-framework\\src\\Concerns\\RoutesRequests.php(282): Laravel\\Lumen\\Application->callControllerAction(Array)
#9 D:\\projetos\\DOMMUS\\Teste-FullStack-Pleno\\vendor\\laravel\\lumen-framework\\src\\Concerns\\RoutesRequests.php(267): Laravel\\Lumen\\Application->callActionOnArrayBasedRoute(Array)
#10 D:\\projetos\\DOMMUS\\Teste-FullStack-Pleno\\vendor\\laravel\\lumen-framework\\src\\Concerns\\RoutesRequests.php(169): Laravel\\Lumen\\Application->handleFoundRoute(Array)
#11 D:\\projetos\\DOMMUS\\Teste-FullStack-Pleno\\vendor\\laravel\\lumen-framework\\src\\Concerns\\RoutesRequests.php(429): Laravel\\Lumen\\Application->Laravel\\Lumen\\Concerns\\{closure}(Object(Laravel\\Lumen\\Http\\Request))
#12 D:\\projetos\\DOMMUS\\Teste-FullStack-Pleno\\vendor\\laravel\\lumen-framework\\src\\Concerns\\RoutesRequests.php(175): Laravel\\Lumen\\Application->sendThroughPipeline(Array, Object(Closure))
#13 D:\\projetos\\DOMMUS\\Teste-FullStack-Pleno\\vendor\\laravel\\lumen-framework\\src\\Concerns\\RoutesRequests.php(112): Laravel\\Lumen\\Application->dispatch(NULL)
#14 D:\\projetos\\DOMMUS\\Teste-FullStack-Pleno\\public\\index.php(28): Laravel\\Lumen\\Application->run()
#15 {main}

[previous exception] [object] (League\\OAuth2\\Server\\Exception\\OAuthServerException(code: 2): The authorization grant type is not supported by the authorization server. at D:\\projetos\\DOMMUS\\Teste-FullStack-Pleno\\vendor\\league\\oauth2-server\\src\\Exception\\OAuthServerException.php:124)
[stacktrace]
#0 D:\\projetos\\DOMMUS\\Teste-FullStack-Pleno\\vendor\\league\\oauth2-server\\src\\AuthorizationServer.php(212): League\\OAuth2\\Server\\Exception\\OAuthServerException::unsupportedGrantType()
#1 D:\\projetos\\DOMMUS\\Teste-FullStack-Pleno\\vendor\\dusterio\\lumen-passport\\src\\Http\\Controllers\\AccessTokenController.php(34): League\\OAuth2\\Server\\AuthorizationServer->respondToAccessTokenRequest(Object(Nyholm\\Psr7\\ServerRequest), Object(Laminas\\Diactoros\\Response))
#2 D:\\projetos\\DOMMUS\\Teste-FullStack-Pleno\\vendor\\laravel\\passport\\src\\Http\\Controllers\\HandlesOAuthErrors.php(24): Dusterio\\LumenPassport\\Http\\Controllers\\AccessTokenController->Dusterio\\LumenPassport\\Http\\Controllers\\{closure}()
#3 D:\\projetos\\DOMMUS\\Teste-FullStack-Pleno\\vendor\\dusterio\\lumen-passport\\src\\Http\\Controllers\\AccessTokenController.php(35): Laravel\\Passport\\Http\\Controllers\\AccessTokenController->withErrorHandling(Object(Closure))
#4 D:\\projetos\\DOMMUS\\Teste-FullStack-Pleno\\vendor\\illuminate\\container\\BoundMethod.php(36): Dusterio\\LumenPassport\\Http\\Controllers\\AccessTokenController->issueToken(Object(Nyholm\\Psr7\\ServerRequest))
#5 D:\\projetos\\DOMMUS\\Teste-FullStack-Pleno\\vendor\\illuminate\\container\\Util.php(40): Illuminate\\Container\\BoundMethod::Illuminate\\Container\\{closure}()
#6 D:\\projetos\\DOMMUS\\Teste-FullStack-Pleno\\vendor\\illuminate\\container\\BoundMethod.php(93): Illuminate\\Container\\Util::unwrapIfClosure(Object(Closure))
#7 D:\\projetos\\DOMMUS\\Teste-FullStack-Pleno\\vendor\\illuminate\\container\\BoundMethod.php(37): Illuminate\\Container\\BoundMethod::callBoundMethod(Object(Laravel\\Lumen\\Application), Array, Object(Closure))
#8 D:\\projetos\\DOMMUS\\Teste-FullStack-Pleno\\vendor\\illuminate\\container\\Container.php(653): Illuminate\\Container\\BoundMethod::call(Object(Laravel\\Lumen\\Application), Array, Array, NULL)
#9 D:\\projetos\\DOMMUS\\Teste-FullStack-Pleno\\vendor\\laravel\\lumen-framework\\src\\Concerns\\RoutesRequests.php(389): Illuminate\\Container\\Container->call(Array, Array)
#10 D:\\projetos\\DOMMUS\\Teste-FullStack-Pleno\\vendor\\laravel\\lumen-framework\\src\\Concerns\\RoutesRequests.php(332): Laravel\\Lumen\\Application->callControllerCallable(Array, Array)
#11 D:\\projetos\\DOMMUS\\Teste-FullStack-Pleno\\vendor\\laravel\\lumen-framework\\src\\Concerns\\RoutesRequests.php(282): Laravel\\Lumen\\Application->callControllerAction(Array)
#12 D:\\projetos\\DOMMUS\\Teste-FullStack-Pleno\\vendor\\laravel\\lumen-framework\\src\\Concerns\\RoutesRequests.php(267): Laravel\\Lumen\\Application->callActionOnArrayBasedRoute(Array)
#13 D:\\projetos\\DOMMUS\\Teste-FullStack-Pleno\\vendor\\laravel\\lumen-framework\\src\\Concerns\\RoutesRequests.php(169): Laravel\\Lumen\\Application->handleFoundRoute(Array)
#14 D:\\projetos\\DOMMUS\\Teste-FullStack-Pleno\\vendor\\laravel\\lumen-framework\\src\\Concerns\\RoutesRequests.php(429): Laravel\\Lumen\\Application->Laravel\\Lumen\\Concerns\\{closure}(Object(Laravel\\Lumen\\Http\\Request))
#15 D:\\projetos\\DOMMUS\\Teste-FullStack-Pleno\\vendor\\laravel\\lumen-framework\\src\\Concerns\\RoutesRequests.php(175): Laravel\\Lumen\\Application->sendThroughPipeline(Array, Object(Closure))
#16 D:\\projetos\\DOMMUS\\Teste-FullStack-Pleno\\vendor\\laravel\\lumen-framework\\src\\Concerns\\RoutesRequests.php(112): Laravel\\Lumen\\Application->dispatch(NULL)
#17 D:\\projetos\\DOMMUS\\Teste-FullStack-Pleno\\public\\index.php(28): Laravel\\Lumen\\Application->run()
#18 {main}
"} 
[2022-08-14 17:47:05] local.ERROR: Client authentication failed {"exception":"[object] (Laravel\\Passport\\Exceptions\\OAuthServerException(code: 4): Client authentication failed at D:\\projetos\\DOMMUS\\Teste-FullStack-Pleno\\vendor\\laravel\\passport\\src\\Http\\Controllers\\HandlesOAuthErrors.php:26)
[stacktrace]
#0 D:\\projetos\\DOMMUS\\Teste-FullStack-Pleno\\vendor\\dusterio\\lumen-passport\\src\\Http\\Controllers\\AccessTokenController.php(35): Laravel\\Passport\\Http\\Controllers\\AccessTokenController->withErrorHandling(Object(Closure))
#1 D:\\projetos\\DOMMUS\\Teste-FullStack-Pleno\\vendor\\illuminate\\container\\BoundMethod.php(36): Dusterio\\LumenPassport\\Http\\Controllers\\AccessTokenController->issueToken(Object(Nyholm\\Psr7\\ServerRequest))
#2 D:\\projetos\\DOMMUS\\Teste-FullStack-Pleno\\vendor\\illuminate\\container\\Util.php(40): Illuminate\\Container\\BoundMethod::Illuminate\\Container\\{closure}()
#3 D:\\projetos\\DOMMUS\\Teste-FullStack-Pleno\\vendor\\illuminate\\container\\BoundMethod.php(93): Illuminate\\Container\\Util::unwrapIfClosure(Object(Closure))
#4 D:\\projetos\\DOMMUS\\Teste-FullStack-Pleno\\vendor\\illuminate\\container\\BoundMethod.php(37): Illuminate\\Container\\BoundMethod::callBoundMethod(Object(Laravel\\Lumen\\Application), Array, Object(Closure))
#5 D:\\projetos\\DOMMUS\\Teste-FullStack-Pleno\\vendor\\illuminate\\container\\Container.php(653): Illuminate\\Container\\BoundMethod::call(Object(Laravel\\Lumen\\Application), Array, Array, NULL)
#6 D:\\projetos\\DOMMUS\\Teste-FullStack-Pleno\\vendor\\laravel\\lumen-framework\\src\\Concerns\\RoutesRequests.php(389): Illuminate\\Container\\Container->call(Array, Array)
#7 D:\\projetos\\DOMMUS\\Teste-FullStack-Pleno\\vendor\\laravel\\lumen-framework\\src\\Concerns\\RoutesRequests.php(332): Laravel\\Lumen\\Application->callControllerCallable(Array, Array)
#8 D:\\projetos\\DOMMUS\\Teste-FullStack-Pleno\\vendor\\laravel\\lumen-framework\\src\\Concerns\\RoutesRequests.php(282): Laravel\\Lumen\\Application->callControllerAction(Array)
#9 D:\\projetos\\DOMMUS\\Teste-FullStack-Pleno\\vendor\\laravel\\lumen-framework\\src\\Concerns\\RoutesRequests.php(267): Laravel\\Lumen\\Application->callActionOnArrayBasedRoute(Array)
#10 D:\\projetos\\DOMMUS\\Teste-FullStack-Pleno\\vendor\\laravel\\lumen-framework\\src\\Concerns\\RoutesRequests.php(169): Laravel\\Lumen\\Application->handleFoundRoute(Array)
#11 D:\\projetos\\DOMMUS\\Teste-FullStack-Pleno\\vendor\\laravel\\lumen-framework\\src\\Concerns\\RoutesRequests.php(429): Laravel\\Lumen\\Application->Laravel\\Lumen\\Concerns\\{closure}(Object(Laravel\\Lumen\\Http\\Request))
#12 D:\\projetos\\DOMMUS\\Teste-FullStack-Pleno\\vendor\\laravel\\lumen-framework\\src\\Concerns\\RoutesRequests.php(175): Laravel\\Lumen\\Application->sendThroughPipeline(Array, Object(Closure))
#13 D:\\projetos\\DOMMUS\\Teste-FullStack-Pleno\\vendor\\laravel\\lumen-framework\\src\\Concerns\\RoutesRequests.php(112): Laravel\\Lumen\\Application->dispatch(NULL)
#14 D:\\projetos\\DOMMUS\\Teste-FullStack-Pleno\\public\\index.php(28): Laravel\\Lumen\\Application->run()
#15 {main}

[previous exception] [object] (League\\OAuth2\\Server\\Exception\\OAuthServerException(code: 4): Client authentication failed at D:\\projetos\\DOMMUS\\Teste-FullStack-Pleno\\vendor\\league\\oauth2-server\\src\\Exception\\OAuthServerException.php:154)
[stacktrace]
#0 D:\\projetos\\DOMMUS\\Teste-FullStack-Pleno\\vendor\\league\\oauth2-server\\src\\Grant\\AbstractGrant.php(199): League\\OAuth2\\Server\\Exception\\OAuthServerException::invalidClient(Object(Nyholm\\Psr7\\ServerRequest))
#1 D:\\projetos\\DOMMUS\\Teste-FullStack-Pleno\\vendor\\league\\oauth2-server\\src\\Grant\\PasswordGrant.php(54): League\\OAuth2\\Server\\Grant\\AbstractGrant->validateClient(Object(Nyholm\\Psr7\\ServerRequest))
#2 D:\\projetos\\DOMMUS\\Teste-FullStack-Pleno\\vendor\\league\\oauth2-server\\src\\AuthorizationServer.php(204): League\\OAuth2\\Server\\Grant\\PasswordGrant->respondToAccessTokenRequest(Object(Nyholm\\Psr7\\ServerRequest), Object(League\\OAuth2\\Server\\ResponseTypes\\BearerTokenResponse), Object(DateInterval))
#3 D:\\projetos\\DOMMUS\\Teste-FullStack-Pleno\\vendor\\dusterio\\lumen-passport\\src\\Http\\Controllers\\AccessTokenController.php(34): League\\OAuth2\\Server\\AuthorizationServer->respondToAccessTokenRequest(Object(Nyholm\\Psr7\\ServerRequest), Object(Laminas\\Diactoros\\Response))
#4 D:\\projetos\\DOMMUS\\Teste-FullStack-Pleno\\vendor\\laravel\\passport\\src\\Http\\Controllers\\HandlesOAuthErrors.php(24): Dusterio\\LumenPassport\\Http\\Controllers\\AccessTokenController->Dusterio\\LumenPassport\\Http\\Controllers\\{closure}()
#5 D:\\projetos\\DOMMUS\\Teste-FullStack-Pleno\\vendor\\dusterio\\lumen-passport\\src\\Http\\Controllers\\AccessTokenController.php(35): Laravel\\Passport\\Http\\Controllers\\AccessTokenController->withErrorHandling(Object(Closure))
#6 D:\\projetos\\DOMMUS\\Teste-FullStack-Pleno\\vendor\\illuminate\\container\\BoundMethod.php(36): Dusterio\\LumenPassport\\Http\\Controllers\\AccessTokenController->issueToken(Object(Nyholm\\Psr7\\ServerRequest))
#7 D:\\projetos\\DOMMUS\\Teste-FullStack-Pleno\\vendor\\illuminate\\container\\Util.php(40): Illuminate\\Container\\BoundMethod::Illuminate\\Container\\{closure}()
#8 D:\\projetos\\DOMMUS\\Teste-FullStack-Pleno\\vendor\\illuminate\\container\\BoundMethod.php(93): Illuminate\\Container\\Util::unwrapIfClosure(Object(Closure))
#9 D:\\projetos\\DOMMUS\\Teste-FullStack-Pleno\\vendor\\illuminate\\container\\BoundMethod.php(37): Illuminate\\Container\\BoundMethod::callBoundMethod(Object(Laravel\\Lumen\\Application), Array, Object(Closure))
#10 D:\\projetos\\DOMMUS\\Teste-FullStack-Pleno\\vendor\\illuminate\\container\\Container.php(653): Illuminate\\Container\\BoundMethod::call(Object(Laravel\\Lumen\\Application), Array, Array, NULL)
#11 D:\\projetos\\DOMMUS\\Teste-FullStack-Pleno\\vendor\\laravel\\lumen-framework\\src\\Concerns\\RoutesRequests.php(389): Illuminate\\Container\\Container->call(Array, Array)
#12 D:\\projetos\\DOMMUS\\Teste-FullStack-Pleno\\vendor\\laravel\\lumen-framework\\src\\Concerns\\RoutesRequests.php(332): Laravel\\Lumen\\Application->callControllerCallable(Array, Array)
#13 D:\\projetos\\DOMMUS\\Teste-FullStack-Pleno\\vendor\\laravel\\lumen-framework\\src\\Concerns\\RoutesRequests.php(282): Laravel\\Lumen\\Application->callControllerAction(Array)
#14 D:\\projetos\\DOMMUS\\Teste-FullStack-Pleno\\vendor\\laravel\\lumen-framework\\src\\Concerns\\RoutesRequests.php(267): Laravel\\Lumen\\Application->callActionOnArrayBasedRoute(Array)
#15 D:\\projetos\\DOMMUS\\Teste-FullStack-Pleno\\vendor\\laravel\\lumen-framework\\src\\Concerns\\RoutesRequests.php(169): Laravel\\Lumen\\Application->handleFoundRoute(Array)
#16 D:\\projetos\\DOMMUS\\Teste-FullStack-Pleno\\vendor\\laravel\\lumen-framework\\src\\Concerns\\RoutesRequests.php(429): Laravel\\Lumen\\Application->Laravel\\Lumen\\Concerns\\{closure}(Object(Laravel\\Lumen\\Http\\Request))
#17 D:\\projetos\\DOMMUS\\Teste-FullStack-Pleno\\vendor\\laravel\\lumen-framework\\src\\Concerns\\RoutesRequests.php(175): Laravel\\Lumen\\Application->sendThroughPipeline(Array, Object(Closure))
#18 D:\\projetos\\DOMMUS\\Teste-FullStack-Pleno\\vendor\\laravel\\lumen-framework\\src\\Concerns\\RoutesRequests.php(112): Laravel\\Lumen\\Application->dispatch(NULL)
#19 D:\\projetos\\DOMMUS\\Teste-FullStack-Pleno\\public\\index.php(28): Laravel\\Lumen\\Application->run()
#20 {main}
"} 
